[2025-10-29 14:29:43.254] [info]  [db] Initialized DB client
[2025-10-29 14:29:43.288] [info]  Redirecting to last visited project proj_783a66906c524cccb90d362e8917d7ce
[2025-10-29 14:29:43.649] [info]  [FileSystemDriver] Initialized in "/home/mohrt/.config/Insomnia/version-control"
[2025-10-29 14:29:43.655] [info]  [sync] Activated project prj_c2e96ef32a994a1b80b9d4150767755a
[2025-10-29 14:29:43.656] [info]  [FileSystemDriver] Writing to /projects/prj_c2e96ef32a994a1b80b9d4150767755a/meta.json
[2025-10-29 14:29:43.656] [info]  [FileSystemDriver] Writing to /home/mohrt/.config/Insomnia/version-control/projects/prj_c2e96ef32a994a1b80b9d4150767755a/meta.json.4db7b19e-7a25-4909-ab8b-a91f87c078e1.tmp then renaming to /home/mohrt/.config/Insomnia/version-control/projects/prj_c2e96ef32a994a1b80b9d4150767755a/meta.json
[2025-10-29 14:29:44.726] [info]  [project] Fetching org_916f923e-d270-459d-902d-4f85437608d5
[2025-10-29 14:29:44.745] [info]  [sync] Activated project prj_c2e96ef32a994a1b80b9d4150767755a
[2025-10-29 14:29:44.746] [info]  [FileSystemDriver] Writing to /projects/prj_c2e96ef32a994a1b80b9d4150767755a/meta.json
[2025-10-29 14:29:44.748] [info]  [FileSystemDriver] Writing to /home/mohrt/.config/Insomnia/version-control/projects/prj_c2e96ef32a994a1b80b9d4150767755a/meta.json.d3db70f7-f65a-40c7-acff-c85d25bc2665.tmp then renaming to /home/mohrt/.config/Insomnia/version-control/projects/prj_c2e96ef32a994a1b80b9d4150767755a/meta.json
[2025-10-29 14:29:46.291] [info]  [sync] Activated project prj_c2e96ef32a994a1b80b9d4150767755a
[2025-10-29 14:29:46.292] [info]  [FileSystemDriver] Writing to /projects/prj_c2e96ef32a994a1b80b9d4150767755a/meta.json
[2025-10-29 14:29:46.292] [info]  [FileSystemDriver] Writing to /home/mohrt/.config/Insomnia/version-control/projects/prj_c2e96ef32a994a1b80b9d4150767755a/meta.json.a78299f1-bbc6-4485-8190-5ff6a0560bd5.tmp then renaming to /home/mohrt/.config/Insomnia/version-control/projects/prj_c2e96ef32a994a1b80b9d4150767755a/meta.json
[2025-10-29 14:29:46.400] [info]  [sync] Activated project prj_c2e96ef32a994a1b80b9d4150767755a
[2025-10-29 14:29:46.401] [info]  [FileSystemDriver] Writing to /projects/prj_c2e96ef32a994a1b80b9d4150767755a/meta.json
[2025-10-29 14:29:46.401] [info]  [FileSystemDriver] Writing to /home/mohrt/.config/Insomnia/version-control/projects/prj_c2e96ef32a994a1b80b9d4150767755a/meta.json.8aa35b77-ce51-49f3-9c33-7eb76a859d68.tmp then renaming to /home/mohrt/.config/Insomnia/version-control/projects/prj_c2e96ef32a994a1b80b9d4150767755a/meta.json
[2025-10-29 14:29:46.918] [info]  [sync] Activated project prj_c2e96ef32a994a1b80b9d4150767755a
[2025-10-29 14:29:46.918] [info]  [FileSystemDriver] Writing to /projects/prj_c2e96ef32a994a1b80b9d4150767755a/meta.json
[2025-10-29 14:29:46.918] [info]  [FileSystemDriver] Writing to /home/mohrt/.config/Insomnia/version-control/projects/prj_c2e96ef32a994a1b80b9d4150767755a/meta.json.c135f740-3aa8-4e74-afcf-6c20ecc232ff.tmp then renaming to /home/mohrt/.config/Insomnia/version-control/projects/prj_c2e96ef32a994a1b80b9d4150767755a/meta.json
[2025-10-29 14:29:51.782] [info]  [sync] Activated project prj_c2e96ef32a994a1b80b9d4150767755a
[2025-10-29 14:29:51.783] [info]  [FileSystemDriver] Writing to /projects/prj_c2e96ef32a994a1b80b9d4150767755a/meta.json
[2025-10-29 14:29:51.783] [info]  [FileSystemDriver] Writing to /home/mohrt/.config/Insomnia/version-control/projects/prj_c2e96ef32a994a1b80b9d4150767755a/meta.json.934fb0d7-da55-4529-83d1-a2525edcd3c8.tmp then renaming to /home/mohrt/.config/Insomnia/version-control/projects/prj_c2e96ef32a994a1b80b9d4150767755a/meta.json
[2025-10-29 14:29:51.942] [info]  [sync] Activated project prj_c2e96ef32a994a1b80b9d4150767755a
[2025-10-29 14:29:51.942] [info]  [FileSystemDriver] Writing to /projects/prj_c2e96ef32a994a1b80b9d4150767755a/meta.json
[2025-10-29 14:29:51.943] [info]  [FileSystemDriver] Writing to /home/mohrt/.config/Insomnia/version-control/projects/prj_c2e96ef32a994a1b80b9d4150767755a/meta.json.b79b646d-3899-49eb-b33b-51ab04ff84ed.tmp then renaming to /home/mohrt/.config/Insomnia/version-control/projects/prj_c2e96ef32a994a1b80b9d4150767755a/meta.json
[2025-10-29 14:29:52.147] [info]  [sync] Activated project prj_c2e96ef32a994a1b80b9d4150767755a
[2025-10-29 14:29:52.148] [info]  [FileSystemDriver] Writing to /projects/prj_c2e96ef32a994a1b80b9d4150767755a/meta.json
[2025-10-29 14:29:52.148] [info]  [FileSystemDriver] Writing to /home/mohrt/.config/Insomnia/version-control/projects/prj_c2e96ef32a994a1b80b9d4150767755a/meta.json.bd73cffe-7e11-409c-a12e-4951da87663d.tmp then renaming to /home/mohrt/.config/Insomnia/version-control/projects/prj_c2e96ef32a994a1b80b9d4150767755a/meta.json
[2025-10-29 14:29:52.150] [info]  [sync] Activated project prj_c2e96ef32a994a1b80b9d4150767755a
[2025-10-29 14:29:52.150] [info]  [FileSystemDriver] Writing to /projects/prj_c2e96ef32a994a1b80b9d4150767755a/meta.json
[2025-10-29 14:29:52.150] [info]  [FileSystemDriver] Writing to /home/mohrt/.config/Insomnia/version-control/projects/prj_c2e96ef32a994a1b80b9d4150767755a/meta.json.2b0579c6-667a-4a03-ba80-fe2ae0ae8b21.tmp then renaming to /home/mohrt/.config/Insomnia/version-control/projects/prj_c2e96ef32a994a1b80b9d4150767755a/meta.json
[2025-10-29 14:29:52.254] [info]  [sync] Activated project prj_c2e96ef32a994a1b80b9d4150767755a
[2025-10-29 14:29:52.255] [info]  [FileSystemDriver] Writing to /projects/prj_c2e96ef32a994a1b80b9d4150767755a/meta.json
[2025-10-29 14:29:52.255] [info]  [FileSystemDriver] Writing to /home/mohrt/.config/Insomnia/version-control/projects/prj_c2e96ef32a994a1b80b9d4150767755a/meta.json.0367b9af-75e9-465c-bbff-15ec4d8d3975.tmp then renaming to /home/mohrt/.config/Insomnia/version-control/projects/prj_c2e96ef32a994a1b80b9d4150767755a/meta.json
[2025-10-29 14:29:54.793] [warn]  <Item> with non-plain text contents is unsupported by type to select for accessibility. Please add a `textValue` prop.
[2025-10-29 14:29:54.794] [warn]  <Item> with non-plain text contents is unsupported by type to select for accessibility. Please add a `textValue` prop.
[2025-10-29 14:29:54.794] [warn]  <Item> with non-plain text contents is unsupported by type to select for accessibility. Please add a `textValue` prop.
[2025-10-29 14:29:54.794] [warn]  <Item> with non-plain text contents is unsupported by type to select for accessibility. Please add a `textValue` prop.
[2025-10-29 14:29:54.794] [warn]  <Item> with non-plain text contents is unsupported by type to select for accessibility. Please add a `textValue` prop.
[2025-10-29 14:29:54.794] [warn]  <Item> with non-plain text contents is unsupported by type to select for accessibility. Please add a `textValue` prop.
[2025-10-29 14:29:54.794] [warn]  <Item> with non-plain text contents is unsupported by type to select for accessibility. Please add a `textValue` prop.
[2025-10-29 14:29:54.794] [warn]  <Item> with non-plain text contents is unsupported by type to select for accessibility. Please add a `textValue` prop.
[2025-10-29 14:29:55.821] [info]  [sync] Activated project prj_c2e96ef32a994a1b80b9d4150767755a
[2025-10-29 14:29:55.821] [info]  [FileSystemDriver] Writing to /projects/prj_c2e96ef32a994a1b80b9d4150767755a/meta.json
[2025-10-29 14:29:55.821] [info]  [FileSystemDriver] Writing to /home/mohrt/.config/Insomnia/version-control/projects/prj_c2e96ef32a994a1b80b9d4150767755a/meta.json.de4589e8-4a7c-4210-a734-e09545676e3f.tmp then renaming to /home/mohrt/.config/Insomnia/version-control/projects/prj_c2e96ef32a994a1b80b9d4150767755a/meta.json
[2025-10-29 14:30:02.245] [info]  [sync] Activated project prj_c2e96ef32a994a1b80b9d4150767755a
[2025-10-29 14:30:02.246] [info]  [FileSystemDriver] Writing to /projects/prj_c2e96ef32a994a1b80b9d4150767755a/meta.json
[2025-10-29 14:30:02.246] [info]  [FileSystemDriver] Writing to /home/mohrt/.config/Insomnia/version-control/projects/prj_c2e96ef32a994a1b80b9d4150767755a/meta.json.bc345690-3bf1-4dbc-842c-112073ea0318.tmp then renaming to /home/mohrt/.config/Insomnia/version-control/projects/prj_c2e96ef32a994a1b80b9d4150767755a/meta.json
[2025-10-29 14:30:02.999] [info]  [sync] Activated project prj_c2e96ef32a994a1b80b9d4150767755a
[2025-10-29 14:30:03.000] [info]  [FileSystemDriver] Writing to /projects/prj_c2e96ef32a994a1b80b9d4150767755a/meta.json
[2025-10-29 14:30:03.000] [info]  [FileSystemDriver] Writing to /home/mohrt/.config/Insomnia/version-control/projects/prj_c2e96ef32a994a1b80b9d4150767755a/meta.json.21ff3c12-3580-423d-ac93-9d39ef5d33dc.tmp then renaming to /home/mohrt/.config/Insomnia/version-control/projects/prj_c2e96ef32a994a1b80b9d4150767755a/meta.json
[2025-10-29 14:30:04.294] [info]  [sync] Activated project prj_c2e96ef32a994a1b80b9d4150767755a
[2025-10-29 14:30:04.294] [info]  [FileSystemDriver] Writing to /projects/prj_c2e96ef32a994a1b80b9d4150767755a/meta.json
[2025-10-29 14:30:04.294] [info]  [FileSystemDriver] Writing to /home/mohrt/.config/Insomnia/version-control/projects/prj_c2e96ef32a994a1b80b9d4150767755a/meta.json.9d435007-882b-4f2d-bedd-68eab4339038.tmp then renaming to /home/mohrt/.config/Insomnia/version-control/projects/prj_c2e96ef32a994a1b80b9d4150767755a/meta.json
[2025-10-29 14:30:04.905] [info]  [sync] Activated project prj_c2e96ef32a994a1b80b9d4150767755a
[2025-10-29 14:30:04.905] [info]  [FileSystemDriver] Writing to /projects/prj_c2e96ef32a994a1b80b9d4150767755a/meta.json
[2025-10-29 14:30:04.906] [info]  [FileSystemDriver] Writing to /home/mohrt/.config/Insomnia/version-control/projects/prj_c2e96ef32a994a1b80b9d4150767755a/meta.json.65c176cf-0d75-40fb-ad1e-56d9c3da9eee.tmp then renaming to /home/mohrt/.config/Insomnia/version-control/projects/prj_c2e96ef32a994a1b80b9d4150767755a/meta.json
[2025-10-29 14:30:05.371] [info]  [sync] Activated project prj_c2e96ef32a994a1b80b9d4150767755a
[2025-10-29 14:30:05.371] [info]  [FileSystemDriver] Writing to /projects/prj_c2e96ef32a994a1b80b9d4150767755a/meta.json
[2025-10-29 14:30:05.371] [info]  [FileSystemDriver] Writing to /home/mohrt/.config/Insomnia/version-control/projects/prj_c2e96ef32a994a1b80b9d4150767755a/meta.json.6aae4611-5182-42bf-a6fa-208a6445a54f.tmp then renaming to /home/mohrt/.config/Insomnia/version-control/projects/prj_c2e96ef32a994a1b80b9d4150767755a/meta.json
[2025-10-29 14:30:05.669] [info]  [sync] Activated project prj_c2e96ef32a994a1b80b9d4150767755a
[2025-10-29 14:30:05.669] [info]  [FileSystemDriver] Writing to /projects/prj_c2e96ef32a994a1b80b9d4150767755a/meta.json
[2025-10-29 14:30:05.669] [info]  [FileSystemDriver] Writing to /home/mohrt/.config/Insomnia/version-control/projects/prj_c2e96ef32a994a1b80b9d4150767755a/meta.json.6a13d702-c352-4ff7-9207-d0e441494355.tmp then renaming to /home/mohrt/.config/Insomnia/version-control/projects/prj_c2e96ef32a994a1b80b9d4150767755a/meta.json
[2025-10-29 14:30:05.796] [info]  [sync] Activated project prj_c2e96ef32a994a1b80b9d4150767755a
[2025-10-29 14:30:05.796] [info]  [FileSystemDriver] Writing to /projects/prj_c2e96ef32a994a1b80b9d4150767755a/meta.json
[2025-10-29 14:30:05.796] [info]  [FileSystemDriver] Writing to /home/mohrt/.config/Insomnia/version-control/projects/prj_c2e96ef32a994a1b80b9d4150767755a/meta.json.f11f00ab-6cfc-4c3d-abee-30f1fe8cdbb1.tmp then renaming to /home/mohrt/.config/Insomnia/version-control/projects/prj_c2e96ef32a994a1b80b9d4150767755a/meta.json
[2025-10-29 14:30:05.974] [info]  [sync] Activated project prj_c2e96ef32a994a1b80b9d4150767755a
[2025-10-29 14:30:05.974] [info]  [FileSystemDriver] Writing to /projects/prj_c2e96ef32a994a1b80b9d4150767755a/meta.json
[2025-10-29 14:30:05.975] [info]  [FileSystemDriver] Writing to /home/mohrt/.config/Insomnia/version-control/projects/prj_c2e96ef32a994a1b80b9d4150767755a/meta.json.8f096fe1-4201-4b84-829f-3d3db8ff1c22.tmp then renaming to /home/mohrt/.config/Insomnia/version-control/projects/prj_c2e96ef32a994a1b80b9d4150767755a/meta.json
[2025-10-29 14:30:06.000] [info]  [sync] Activated project prj_c2e96ef32a994a1b80b9d4150767755a
[2025-10-29 14:30:06.001] [info]  [FileSystemDriver] Writing to /projects/prj_c2e96ef32a994a1b80b9d4150767755a/meta.json
[2025-10-29 14:30:06.001] [info]  [FileSystemDriver] Writing to /home/mohrt/.config/Insomnia/version-control/projects/prj_c2e96ef32a994a1b80b9d4150767755a/meta.json.f642cf16-4d2c-4118-83fe-3c01dc5adef6.tmp then renaming to /home/mohrt/.config/Insomnia/version-control/projects/prj_c2e96ef32a994a1b80b9d4150767755a/meta.json
[2025-10-29 14:30:06.227] [info]  [sync] Activated project prj_c2e96ef32a994a1b80b9d4150767755a
[2025-10-29 14:30:06.227] [info]  [FileSystemDriver] Writing to /projects/prj_c2e96ef32a994a1b80b9d4150767755a/meta.json
[2025-10-29 14:30:06.228] [info]  [FileSystemDriver] Writing to /home/mohrt/.config/Insomnia/version-control/projects/prj_c2e96ef32a994a1b80b9d4150767755a/meta.json.b86f3d91-84b9-446e-9ae4-0e2f2e9d4f8f.tmp then renaming to /home/mohrt/.config/Insomnia/version-control/projects/prj_c2e96ef32a994a1b80b9d4150767755a/meta.json
[2025-10-29 14:30:06.245] [info]  [sync] Activated project prj_c2e96ef32a994a1b80b9d4150767755a
[2025-10-29 14:30:06.245] [info]  [FileSystemDriver] Writing to /projects/prj_c2e96ef32a994a1b80b9d4150767755a/meta.json
[2025-10-29 14:30:06.245] [info]  [FileSystemDriver] Writing to /home/mohrt/.config/Insomnia/version-control/projects/prj_c2e96ef32a994a1b80b9d4150767755a/meta.json.e0b2cc25-bb25-4e55-bdbd-2e318fb7c23d.tmp then renaming to /home/mohrt/.config/Insomnia/version-control/projects/prj_c2e96ef32a994a1b80b9d4150767755a/meta.json
[2025-10-29 14:30:06.246] [info]  [sync] Activated project prj_c2e96ef32a994a1b80b9d4150767755a
[2025-10-29 14:30:06.246] [info]  [FileSystemDriver] Writing to /projects/prj_c2e96ef32a994a1b80b9d4150767755a/meta.json
[2025-10-29 14:30:06.247] [info]  [FileSystemDriver] Writing to /home/mohrt/.config/Insomnia/version-control/projects/prj_c2e96ef32a994a1b80b9d4150767755a/meta.json.f3731977-b460-4513-af69-079790ae4552.tmp then renaming to /home/mohrt/.config/Insomnia/version-control/projects/prj_c2e96ef32a994a1b80b9d4150767755a/meta.json
[2025-10-29 14:30:06.384] [info]  [sync] Activated project prj_c2e96ef32a994a1b80b9d4150767755a
[2025-10-29 14:30:06.384] [info]  [FileSystemDriver] Writing to /projects/prj_c2e96ef32a994a1b80b9d4150767755a/meta.json
[2025-10-29 14:30:06.384] [info]  [FileSystemDriver] Writing to /home/mohrt/.config/Insomnia/version-control/projects/prj_c2e96ef32a994a1b80b9d4150767755a/meta.json.975cb2da-8077-4f5f-a3a3-f79a072c13f9.tmp then renaming to /home/mohrt/.config/Insomnia/version-control/projects/prj_c2e96ef32a994a1b80b9d4150767755a/meta.json
[2025-10-29 14:30:07.807] [info]  [sync] Activated project prj_c2e96ef32a994a1b80b9d4150767755a
[2025-10-29 14:30:07.808] [info]  [FileSystemDriver] Writing to /projects/prj_c2e96ef32a994a1b80b9d4150767755a/meta.json
[2025-10-29 14:30:07.808] [info]  [FileSystemDriver] Writing to /home/mohrt/.config/Insomnia/version-control/projects/prj_c2e96ef32a994a1b80b9d4150767755a/meta.json.f1088277-c082-4d0a-87f7-e34aa6b053aa.tmp then renaming to /home/mohrt/.config/Insomnia/version-control/projects/prj_c2e96ef32a994a1b80b9d4150767755a/meta.json
[2025-10-29 14:30:08.501] [info]  [sync] Activated project prj_c2e96ef32a994a1b80b9d4150767755a
[2025-10-29 14:30:08.501] [info]  [FileSystemDriver] Writing to /projects/prj_c2e96ef32a994a1b80b9d4150767755a/meta.json
[2025-10-29 14:30:08.501] [info]  [FileSystemDriver] Writing to /home/mohrt/.config/Insomnia/version-control/projects/prj_c2e96ef32a994a1b80b9d4150767755a/meta.json.a4e58b9e-5ee7-4617-91b5-80334246eb51.tmp then renaming to /home/mohrt/.config/Insomnia/version-control/projects/prj_c2e96ef32a994a1b80b9d4150767755a/meta.json
[2025-10-29 14:30:08.686] [info]  [sync] Activated project prj_c2e96ef32a994a1b80b9d4150767755a
[2025-10-29 14:30:08.687] [info]  [FileSystemDriver] Writing to /projects/prj_c2e96ef32a994a1b80b9d4150767755a/meta.json
[2025-10-29 14:30:08.687] [info]  [FileSystemDriver] Writing to /home/mohrt/.config/Insomnia/version-control/projects/prj_c2e96ef32a994a1b80b9d4150767755a/meta.json.4d4afb1c-e10f-4330-8b39-0894bd79f79a.tmp then renaming to /home/mohrt/.config/Insomnia/version-control/projects/prj_c2e96ef32a994a1b80b9d4150767755a/meta.json
[2025-10-29 14:30:09.399] [info]  [sync] Activated project prj_c2e96ef32a994a1b80b9d4150767755a
[2025-10-29 14:30:09.400] [info]  [FileSystemDriver] Writing to /projects/prj_c2e96ef32a994a1b80b9d4150767755a/meta.json
[2025-10-29 14:30:09.400] [info]  [FileSystemDriver] Writing to /home/mohrt/.config/Insomnia/version-control/projects/prj_c2e96ef32a994a1b80b9d4150767755a/meta.json.216886ec-46c2-4c6c-9b1e-799fefe4aa58.tmp then renaming to /home/mohrt/.config/Insomnia/version-control/projects/prj_c2e96ef32a994a1b80b9d4150767755a/meta.json
[2025-10-29 14:30:09.692] [info]  [sync] Activated project prj_c2e96ef32a994a1b80b9d4150767755a
[2025-10-29 14:30:09.693] [info]  [FileSystemDriver] Writing to /projects/prj_c2e96ef32a994a1b80b9d4150767755a/meta.json
[2025-10-29 14:30:09.693] [info]  [FileSystemDriver] Writing to /home/mohrt/.config/Insomnia/version-control/projects/prj_c2e96ef32a994a1b80b9d4150767755a/meta.json.6212e533-9924-4f0d-8c92-984562972a3a.tmp then renaming to /home/mohrt/.config/Insomnia/version-control/projects/prj_c2e96ef32a994a1b80b9d4150767755a/meta.json
[2025-10-29 14:30:11.548] [info]  [sync] Activated project prj_c2e96ef32a994a1b80b9d4150767755a
[2025-10-29 14:30:11.548] [info]  [FileSystemDriver] Writing to /projects/prj_c2e96ef32a994a1b80b9d4150767755a/meta.json
[2025-10-29 14:30:11.548] [info]  [FileSystemDriver] Writing to /home/mohrt/.config/Insomnia/version-control/projects/prj_c2e96ef32a994a1b80b9d4150767755a/meta.json.ffaf5201-2e0f-4095-9e4c-a5710d8f85f9.tmp then renaming to /home/mohrt/.config/Insomnia/version-control/projects/prj_c2e96ef32a994a1b80b9d4150767755a/meta.json
[2025-10-29 14:30:12.179] [info]  [sync] Activated project prj_c2e96ef32a994a1b80b9d4150767755a
[2025-10-29 14:30:12.180] [info]  [FileSystemDriver] Writing to /projects/prj_c2e96ef32a994a1b80b9d4150767755a/meta.json
[2025-10-29 14:30:12.180] [info]  [FileSystemDriver] Writing to /home/mohrt/.config/Insomnia/version-control/projects/prj_c2e96ef32a994a1b80b9d4150767755a/meta.json.efc3727d-2dd4-4363-80f2-59db286fa7a5.tmp then renaming to /home/mohrt/.config/Insomnia/version-control/projects/prj_c2e96ef32a994a1b80b9d4150767755a/meta.json
[2025-10-29 14:30:12.296] [info]  [sync] Activated project prj_c2e96ef32a994a1b80b9d4150767755a
[2025-10-29 14:30:12.296] [info]  [FileSystemDriver] Writing to /projects/prj_c2e96ef32a994a1b80b9d4150767755a/meta.json
[2025-10-29 14:30:12.296] [info]  [FileSystemDriver] Writing to /home/mohrt/.config/Insomnia/version-control/projects/prj_c2e96ef32a994a1b80b9d4150767755a/meta.json.feafaa73-e299-4381-aed6-f5f78dcd8468.tmp then renaming to /home/mohrt/.config/Insomnia/version-control/projects/prj_c2e96ef32a994a1b80b9d4150767755a/meta.json
[2025-10-29 14:30:12.426] [info]  [sync] Activated project prj_c2e96ef32a994a1b80b9d4150767755a
[2025-10-29 14:30:12.426] [info]  [FileSystemDriver] Writing to /projects/prj_c2e96ef32a994a1b80b9d4150767755a/meta.json
[2025-10-29 14:30:12.426] [info]  [FileSystemDriver] Writing to /home/mohrt/.config/Insomnia/version-control/projects/prj_c2e96ef32a994a1b80b9d4150767755a/meta.json.d245e5d2-0bab-4782-a5b9-6362b6d0a3aa.tmp then renaming to /home/mohrt/.config/Insomnia/version-control/projects/prj_c2e96ef32a994a1b80b9d4150767755a/meta.json
[2025-10-29 14:30:12.525] [info]  [sync] Activated project prj_c2e96ef32a994a1b80b9d4150767755a
[2025-10-29 14:30:12.525] [info]  [FileSystemDriver] Writing to /projects/prj_c2e96ef32a994a1b80b9d4150767755a/meta.json
[2025-10-29 14:30:12.525] [info]  [FileSystemDriver] Writing to /home/mohrt/.config/Insomnia/version-control/projects/prj_c2e96ef32a994a1b80b9d4150767755a/meta.json.1536a23b-e478-4b4c-881c-5590d565625f.tmp then renaming to /home/mohrt/.config/Insomnia/version-control/projects/prj_c2e96ef32a994a1b80b9d4150767755a/meta.json
[2025-10-29 14:30:13.166] [info]  [sync] Activated project prj_c2e96ef32a994a1b80b9d4150767755a
[2025-10-29 14:30:13.166] [info]  [FileSystemDriver] Writing to /projects/prj_c2e96ef32a994a1b80b9d4150767755a/meta.json
[2025-10-29 14:30:13.167] [info]  [FileSystemDriver] Writing to /home/mohrt/.config/Insomnia/version-control/projects/prj_c2e96ef32a994a1b80b9d4150767755a/meta.json.11a74e0a-3ab6-42e1-ae6a-b8dbeb7fcc1d.tmp then renaming to /home/mohrt/.config/Insomnia/version-control/projects/prj_c2e96ef32a994a1b80b9d4150767755a/meta.json
[2025-10-29 14:30:13.277] [info]  [sync] Activated project prj_c2e96ef32a994a1b80b9d4150767755a
[2025-10-29 14:30:13.278] [info]  [FileSystemDriver] Writing to /projects/prj_c2e96ef32a994a1b80b9d4150767755a/meta.json
[2025-10-29 14:30:13.278] [info]  [FileSystemDriver] Writing to /home/mohrt/.config/Insomnia/version-control/projects/prj_c2e96ef32a994a1b80b9d4150767755a/meta.json.b450328d-cb02-47f7-91ff-a3614c6bf7b1.tmp then renaming to /home/mohrt/.config/Insomnia/version-control/projects/prj_c2e96ef32a994a1b80b9d4150767755a/meta.json
[2025-10-29 14:30:14.336] [info]  [sync] Activated project prj_c2e96ef32a994a1b80b9d4150767755a
[2025-10-29 14:30:14.337] [info]  [FileSystemDriver] Writing to /projects/prj_c2e96ef32a994a1b80b9d4150767755a/meta.json
[2025-10-29 14:30:14.337] [info]  [FileSystemDriver] Writing to /home/mohrt/.config/Insomnia/version-control/projects/prj_c2e96ef32a994a1b80b9d4150767755a/meta.json.4e6cef30-174c-48cf-b199-dde583464acf.tmp then renaming to /home/mohrt/.config/Insomnia/version-control/projects/prj_c2e96ef32a994a1b80b9d4150767755a/meta.json
[2025-10-29 14:30:14.482] [info]  [sync] Activated project prj_c2e96ef32a994a1b80b9d4150767755a
[2025-10-29 14:30:14.482] [info]  [FileSystemDriver] Writing to /projects/prj_c2e96ef32a994a1b80b9d4150767755a/meta.json
[2025-10-29 14:30:14.482] [info]  [FileSystemDriver] Writing to /home/mohrt/.config/Insomnia/version-control/projects/prj_c2e96ef32a994a1b80b9d4150767755a/meta.json.310be929-5430-4ae9-aa96-69d4617d9338.tmp then renaming to /home/mohrt/.config/Insomnia/version-control/projects/prj_c2e96ef32a994a1b80b9d4150767755a/meta.json
[2025-10-29 14:30:14.744] [info]  [sync] Activated project prj_c2e96ef32a994a1b80b9d4150767755a
[2025-10-29 14:30:14.744] [info]  [FileSystemDriver] Writing to /projects/prj_c2e96ef32a994a1b80b9d4150767755a/meta.json
[2025-10-29 14:30:14.745] [info]  [FileSystemDriver] Writing to /home/mohrt/.config/Insomnia/version-control/projects/prj_c2e96ef32a994a1b80b9d4150767755a/meta.json.4612839c-641d-4fd3-b5d4-1e2a69f09731.tmp then renaming to /home/mohrt/.config/Insomnia/version-control/projects/prj_c2e96ef32a994a1b80b9d4150767755a/meta.json
[2025-10-29 14:30:14.747] [info]  [sync] Activated project prj_c2e96ef32a994a1b80b9d4150767755a
[2025-10-29 14:30:14.747] [info]  [FileSystemDriver] Writing to /projects/prj_c2e96ef32a994a1b80b9d4150767755a/meta.json
[2025-10-29 14:30:14.747] [info]  [FileSystemDriver] Writing to /home/mohrt/.config/Insomnia/version-control/projects/prj_c2e96ef32a994a1b80b9d4150767755a/meta.json.a8e2faf5-2098-436a-bcfd-da6de1ef0c09.tmp then renaming to /home/mohrt/.config/Insomnia/version-control/projects/prj_c2e96ef32a994a1b80b9d4150767755a/meta.json
[2025-10-29 14:30:15.685] [info]  [sync] Activated project prj_c2e96ef32a994a1b80b9d4150767755a
[2025-10-29 14:30:15.685] [info]  [FileSystemDriver] Writing to /projects/prj_c2e96ef32a994a1b80b9d4150767755a/meta.json
[2025-10-29 14:30:15.685] [info]  [FileSystemDriver] Writing to /home/mohrt/.config/Insomnia/version-control/projects/prj_c2e96ef32a994a1b80b9d4150767755a/meta.json.3e20dc69-e96a-461f-9ce8-2ec6a2666a1f.tmp then renaming to /home/mohrt/.config/Insomnia/version-control/projects/prj_c2e96ef32a994a1b80b9d4150767755a/meta.json
[2025-10-29 14:30:16.329] [info]  [sync] Activated project prj_c2e96ef32a994a1b80b9d4150767755a
[2025-10-29 14:30:16.330] [info]  [FileSystemDriver] Writing to /projects/prj_c2e96ef32a994a1b80b9d4150767755a/meta.json
[2025-10-29 14:30:16.330] [info]  [FileSystemDriver] Writing to /home/mohrt/.config/Insomnia/version-control/projects/prj_c2e96ef32a994a1b80b9d4150767755a/meta.json.1fada9f2-5638-4269-b8d8-3d04e895e123.tmp then renaming to /home/mohrt/.config/Insomnia/version-control/projects/prj_c2e96ef32a994a1b80b9d4150767755a/meta.json
[2025-10-29 14:30:17.148] [info]  [sync] Activated project prj_c2e96ef32a994a1b80b9d4150767755a
[2025-10-29 14:30:17.149] [info]  [FileSystemDriver] Writing to /projects/prj_c2e96ef32a994a1b80b9d4150767755a/meta.json
[2025-10-29 14:30:17.149] [info]  [FileSystemDriver] Writing to /home/mohrt/.config/Insomnia/version-control/projects/prj_c2e96ef32a994a1b80b9d4150767755a/meta.json.c035356d-7c91-4911-a217-ea96969cae10.tmp then renaming to /home/mohrt/.config/Insomnia/version-control/projects/prj_c2e96ef32a994a1b80b9d4150767755a/meta.json
[2025-10-29 14:30:17.532] [info]  [sync] Activated project prj_c2e96ef32a994a1b80b9d4150767755a
[2025-10-29 14:30:17.532] [info]  [FileSystemDriver] Writing to /projects/prj_c2e96ef32a994a1b80b9d4150767755a/meta.json
[2025-10-29 14:30:17.533] [info]  [FileSystemDriver] Writing to /home/mohrt/.config/Insomnia/version-control/projects/prj_c2e96ef32a994a1b80b9d4150767755a/meta.json.61d0e1bb-0c64-4f2a-84cf-88074967ca8b.tmp then renaming to /home/mohrt/.config/Insomnia/version-control/projects/prj_c2e96ef32a994a1b80b9d4150767755a/meta.json
[2025-10-29 14:30:17.568] [info]  [sync] Activated project prj_c2e96ef32a994a1b80b9d4150767755a
[2025-10-29 14:30:17.568] [info]  [FileSystemDriver] Writing to /projects/prj_c2e96ef32a994a1b80b9d4150767755a/meta.json
[2025-10-29 14:30:17.569] [info]  [FileSystemDriver] Writing to /home/mohrt/.config/Insomnia/version-control/projects/prj_c2e96ef32a994a1b80b9d4150767755a/meta.json.cda8c714-0c3a-492f-9bad-027b2b605819.tmp then renaming to /home/mohrt/.config/Insomnia/version-control/projects/prj_c2e96ef32a994a1b80b9d4150767755a/meta.json
[2025-10-29 14:30:17.752] [info]  [sync] Activated project prj_c2e96ef32a994a1b80b9d4150767755a
[2025-10-29 14:30:17.753] [info]  [FileSystemDriver] Writing to /projects/prj_c2e96ef32a994a1b80b9d4150767755a/meta.json
[2025-10-29 14:30:17.753] [info]  [FileSystemDriver] Writing to /home/mohrt/.config/Insomnia/version-control/projects/prj_c2e96ef32a994a1b80b9d4150767755a/meta.json.3cd9378c-05c0-44a6-abd8-6feea8bba0a8.tmp then renaming to /home/mohrt/.config/Insomnia/version-control/projects/prj_c2e96ef32a994a1b80b9d4150767755a/meta.json
[2025-10-29 14:30:17.907] [info]  [sync] Activated project prj_c2e96ef32a994a1b80b9d4150767755a
[2025-10-29 14:30:17.907] [info]  [FileSystemDriver] Writing to /projects/prj_c2e96ef32a994a1b80b9d4150767755a/meta.json
[2025-10-29 14:30:17.907] [info]  [FileSystemDriver] Writing to /home/mohrt/.config/Insomnia/version-control/projects/prj_c2e96ef32a994a1b80b9d4150767755a/meta.json.ec110305-17f9-49b4-8765-e7a0a5cbe761.tmp then renaming to /home/mohrt/.config/Insomnia/version-control/projects/prj_c2e96ef32a994a1b80b9d4150767755a/meta.json
[2025-10-29 14:30:18.523] [info]  [sync] Activated project prj_c2e96ef32a994a1b80b9d4150767755a
[2025-10-29 14:30:18.524] [info]  [FileSystemDriver] Writing to /projects/prj_c2e96ef32a994a1b80b9d4150767755a/meta.json
[2025-10-29 14:30:18.524] [info]  [FileSystemDriver] Writing to /home/mohrt/.config/Insomnia/version-control/projects/prj_c2e96ef32a994a1b80b9d4150767755a/meta.json.466fad8d-105c-4bf8-8370-bb5213a46061.tmp then renaming to /home/mohrt/.config/Insomnia/version-control/projects/prj_c2e96ef32a994a1b80b9d4150767755a/meta.json
[2025-10-29 14:30:18.945] [info]  [sync] Activated project prj_c2e96ef32a994a1b80b9d4150767755a
[2025-10-29 14:30:18.945] [info]  [FileSystemDriver] Writing to /projects/prj_c2e96ef32a994a1b80b9d4150767755a/meta.json
[2025-10-29 14:30:18.946] [info]  [FileSystemDriver] Writing to /home/mohrt/.config/Insomnia/version-control/projects/prj_c2e96ef32a994a1b80b9d4150767755a/meta.json.05503437-6c49-4e04-959c-98688ccd6559.tmp then renaming to /home/mohrt/.config/Insomnia/version-control/projects/prj_c2e96ef32a994a1b80b9d4150767755a/meta.json
[2025-10-29 14:30:19.130] [info]  [sync] Activated project prj_c2e96ef32a994a1b80b9d4150767755a
[2025-10-29 14:30:19.131] [info]  [FileSystemDriver] Writing to /projects/prj_c2e96ef32a994a1b80b9d4150767755a/meta.json
[2025-10-29 14:30:19.131] [info]  [FileSystemDriver] Writing to /home/mohrt/.config/Insomnia/version-control/projects/prj_c2e96ef32a994a1b80b9d4150767755a/meta.json.5e800214-1f78-449c-a249-40d3b2aedeac.tmp then renaming to /home/mohrt/.config/Insomnia/version-control/projects/prj_c2e96ef32a994a1b80b9d4150767755a/meta.json
[2025-10-29 14:30:19.131] [info]  [sync] Activated project prj_c2e96ef32a994a1b80b9d4150767755a
[2025-10-29 14:30:19.132] [info]  [FileSystemDriver] Writing to /projects/prj_c2e96ef32a994a1b80b9d4150767755a/meta.json
[2025-10-29 14:30:19.134] [info]  [FileSystemDriver] Writing to /home/mohrt/.config/Insomnia/version-control/projects/prj_c2e96ef32a994a1b80b9d4150767755a/meta.json.4eb6b46a-2cb5-4e96-b1b3-a52cc08747a7.tmp then renaming to /home/mohrt/.config/Insomnia/version-control/projects/prj_c2e96ef32a994a1b80b9d4150767755a/meta.json
[2025-10-29 14:30:19.249] [info]  [sync] Activated project prj_c2e96ef32a994a1b80b9d4150767755a
[2025-10-29 14:30:19.249] [info]  [FileSystemDriver] Writing to /projects/prj_c2e96ef32a994a1b80b9d4150767755a/meta.json
[2025-10-29 14:30:19.250] [info]  [FileSystemDriver] Writing to /home/mohrt/.config/Insomnia/version-control/projects/prj_c2e96ef32a994a1b80b9d4150767755a/meta.json.5d4bd2df-fa16-44e1-9fe9-ae922b374b93.tmp then renaming to /home/mohrt/.config/Insomnia/version-control/projects/prj_c2e96ef32a994a1b80b9d4150767755a/meta.json
[2025-10-29 14:30:19.346] [info]  [sync] Activated project prj_c2e96ef32a994a1b80b9d4150767755a
[2025-10-29 14:30:19.346] [info]  [FileSystemDriver] Writing to /projects/prj_c2e96ef32a994a1b80b9d4150767755a/meta.json
[2025-10-29 14:30:19.346] [info]  [FileSystemDriver] Writing to /home/mohrt/.config/Insomnia/version-control/projects/prj_c2e96ef32a994a1b80b9d4150767755a/meta.json.83533a66-7831-4c22-9c26-74b26a2dfb5f.tmp then renaming to /home/mohrt/.config/Insomnia/version-control/projects/prj_c2e96ef32a994a1b80b9d4150767755a/meta.json
[2025-10-29 14:30:20.736] [info]  [sync] Activated project prj_c2e96ef32a994a1b80b9d4150767755a
[2025-10-29 14:30:20.736] [info]  [FileSystemDriver] Writing to /projects/prj_c2e96ef32a994a1b80b9d4150767755a/meta.json
[2025-10-29 14:30:20.736] [info]  [FileSystemDriver] Writing to /home/mohrt/.config/Insomnia/version-control/projects/prj_c2e96ef32a994a1b80b9d4150767755a/meta.json.4d252ee9-5730-4c03-9fff-7461daa564a7.tmp then renaming to /home/mohrt/.config/Insomnia/version-control/projects/prj_c2e96ef32a994a1b80b9d4150767755a/meta.json
[2025-10-29 14:30:20.896] [info]  [sync] Activated project prj_c2e96ef32a994a1b80b9d4150767755a
[2025-10-29 14:30:20.896] [info]  [FileSystemDriver] Writing to /projects/prj_c2e96ef32a994a1b80b9d4150767755a/meta.json
[2025-10-29 14:30:20.897] [info]  [FileSystemDriver] Writing to /home/mohrt/.config/Insomnia/version-control/projects/prj_c2e96ef32a994a1b80b9d4150767755a/meta.json.951565ad-1361-43c2-8752-7e0595d13dee.tmp then renaming to /home/mohrt/.config/Insomnia/version-control/projects/prj_c2e96ef32a994a1b80b9d4150767755a/meta.json
[2025-10-29 14:30:21.527] [info]  [sync] Activated project prj_c2e96ef32a994a1b80b9d4150767755a
[2025-10-29 14:30:21.527] [info]  [FileSystemDriver] Writing to /projects/prj_c2e96ef32a994a1b80b9d4150767755a/meta.json
[2025-10-29 14:30:21.527] [info]  [FileSystemDriver] Writing to /home/mohrt/.config/Insomnia/version-control/projects/prj_c2e96ef32a994a1b80b9d4150767755a/meta.json.5b02f971-c6de-4ec0-b0bf-a804f1e6b419.tmp then renaming to /home/mohrt/.config/Insomnia/version-control/projects/prj_c2e96ef32a994a1b80b9d4150767755a/meta.json
[2025-10-29 14:30:22.299] [info]  [sync] Activated project prj_c2e96ef32a994a1b80b9d4150767755a
[2025-10-29 14:30:22.300] [info]  [FileSystemDriver] Writing to /projects/prj_c2e96ef32a994a1b80b9d4150767755a/meta.json
[2025-10-29 14:30:22.300] [info]  [FileSystemDriver] Writing to /home/mohrt/.config/Insomnia/version-control/projects/prj_c2e96ef32a994a1b80b9d4150767755a/meta.json.9b122aeb-ba87-4028-b057-8087a9da3a59.tmp then renaming to /home/mohrt/.config/Insomnia/version-control/projects/prj_c2e96ef32a994a1b80b9d4150767755a/meta.json
[2025-10-29 14:30:22.468] [info]  [sync] Activated project prj_c2e96ef32a994a1b80b9d4150767755a
[2025-10-29 14:30:22.468] [info]  [FileSystemDriver] Writing to /projects/prj_c2e96ef32a994a1b80b9d4150767755a/meta.json
[2025-10-29 14:30:22.469] [info]  [FileSystemDriver] Writing to /home/mohrt/.config/Insomnia/version-control/projects/prj_c2e96ef32a994a1b80b9d4150767755a/meta.json.e8e04afe-d484-48cb-99a9-5aa8037f6013.tmp then renaming to /home/mohrt/.config/Insomnia/version-control/projects/prj_c2e96ef32a994a1b80b9d4150767755a/meta.json
[2025-10-29 14:30:22.470] [info]  [sync] Activated project prj_c2e96ef32a994a1b80b9d4150767755a
[2025-10-29 14:30:22.470] [info]  [FileSystemDriver] Writing to /projects/prj_c2e96ef32a994a1b80b9d4150767755a/meta.json
[2025-10-29 14:30:22.470] [info]  [FileSystemDriver] Writing to /home/mohrt/.config/Insomnia/version-control/projects/prj_c2e96ef32a994a1b80b9d4150767755a/meta.json.a0dd602a-2ebd-4dbf-bca8-c9a8b5dce683.tmp then renaming to /home/mohrt/.config/Insomnia/version-control/projects/prj_c2e96ef32a994a1b80b9d4150767755a/meta.json
[2025-10-29 14:30:23.183] [info]  [sync] Activated project prj_c2e96ef32a994a1b80b9d4150767755a
[2025-10-29 14:30:23.183] [info]  [FileSystemDriver] Writing to /projects/prj_c2e96ef32a994a1b80b9d4150767755a/meta.json
[2025-10-29 14:30:23.183] [info]  [FileSystemDriver] Writing to /home/mohrt/.config/Insomnia/version-control/projects/prj_c2e96ef32a994a1b80b9d4150767755a/meta.json.6e947791-068b-462b-8727-6dcd5f4a1728.tmp then renaming to /home/mohrt/.config/Insomnia/version-control/projects/prj_c2e96ef32a994a1b80b9d4150767755a/meta.json
[2025-10-29 14:30:24.222] [info]  [sync] Activated project prj_c2e96ef32a994a1b80b9d4150767755a
[2025-10-29 14:30:24.222] [info]  [FileSystemDriver] Writing to /projects/prj_c2e96ef32a994a1b80b9d4150767755a/meta.json
[2025-10-29 14:30:24.222] [info]  [FileSystemDriver] Writing to /home/mohrt/.config/Insomnia/version-control/projects/prj_c2e96ef32a994a1b80b9d4150767755a/meta.json.5878e35e-86d1-4cb3-acf0-208fdc641dba.tmp then renaming to /home/mohrt/.config/Insomnia/version-control/projects/prj_c2e96ef32a994a1b80b9d4150767755a/meta.json
[2025-10-29 14:30:25.254] [info]  [sync] Activated project prj_c2e96ef32a994a1b80b9d4150767755a
[2025-10-29 14:30:25.254] [info]  [FileSystemDriver] Writing to /projects/prj_c2e96ef32a994a1b80b9d4150767755a/meta.json
[2025-10-29 14:30:25.255] [info]  [FileSystemDriver] Writing to /home/mohrt/.config/Insomnia/version-control/projects/prj_c2e96ef32a994a1b80b9d4150767755a/meta.json.342450bd-8ca3-453e-8b17-ab5222727fc3.tmp then renaming to /home/mohrt/.config/Insomnia/version-control/projects/prj_c2e96ef32a994a1b80b9d4150767755a/meta.json
[2025-10-29 14:30:25.478] [info]  [sync] Activated project prj_c2e96ef32a994a1b80b9d4150767755a
[2025-10-29 14:30:25.478] [info]  [FileSystemDriver] Writing to /projects/prj_c2e96ef32a994a1b80b9d4150767755a/meta.json
[2025-10-29 14:30:25.479] [info]  [FileSystemDriver] Writing to /home/mohrt/.config/Insomnia/version-control/projects/prj_c2e96ef32a994a1b80b9d4150767755a/meta.json.f1518a16-dde1-4670-a0a3-13033cfb674d.tmp then renaming to /home/mohrt/.config/Insomnia/version-control/projects/prj_c2e96ef32a994a1b80b9d4150767755a/meta.json
[2025-10-29 14:30:26.083] [info]  [sync] Activated project prj_c2e96ef32a994a1b80b9d4150767755a
[2025-10-29 14:30:26.084] [info]  [FileSystemDriver] Writing to /projects/prj_c2e96ef32a994a1b80b9d4150767755a/meta.json
[2025-10-29 14:30:26.084] [info]  [FileSystemDriver] Writing to /home/mohrt/.config/Insomnia/version-control/projects/prj_c2e96ef32a994a1b80b9d4150767755a/meta.json.15c7dbb0-2a5e-439d-a7d3-34db2c1e52a5.tmp then renaming to /home/mohrt/.config/Insomnia/version-control/projects/prj_c2e96ef32a994a1b80b9d4150767755a/meta.json
[2025-10-29 14:30:26.858] [info]  [sync] Activated project prj_c2e96ef32a994a1b80b9d4150767755a
[2025-10-29 14:30:26.858] [info]  [FileSystemDriver] Writing to /projects/prj_c2e96ef32a994a1b80b9d4150767755a/meta.json
[2025-10-29 14:30:26.859] [info]  [FileSystemDriver] Writing to /home/mohrt/.config/Insomnia/version-control/projects/prj_c2e96ef32a994a1b80b9d4150767755a/meta.json.890287b9-c880-483e-af71-d0c8280d8478.tmp then renaming to /home/mohrt/.config/Insomnia/version-control/projects/prj_c2e96ef32a994a1b80b9d4150767755a/meta.json
[2025-10-29 14:30:26.980] [info]  [sync] Activated project prj_c2e96ef32a994a1b80b9d4150767755a
[2025-10-29 14:30:26.980] [info]  [FileSystemDriver] Writing to /projects/prj_c2e96ef32a994a1b80b9d4150767755a/meta.json
[2025-10-29 14:30:26.980] [info]  [FileSystemDriver] Writing to /home/mohrt/.config/Insomnia/version-control/projects/prj_c2e96ef32a994a1b80b9d4150767755a/meta.json.f4805649-cac0-4153-b13a-7e228ae04872.tmp then renaming to /home/mohrt/.config/Insomnia/version-control/projects/prj_c2e96ef32a994a1b80b9d4150767755a/meta.json
[2025-10-29 14:30:27.658] [info]  [sync] Activated project prj_c2e96ef32a994a1b80b9d4150767755a
[2025-10-29 14:30:27.658] [info]  [FileSystemDriver] Writing to /projects/prj_c2e96ef32a994a1b80b9d4150767755a/meta.json
[2025-10-29 14:30:27.659] [info]  [FileSystemDriver] Writing to /home/mohrt/.config/Insomnia/version-control/projects/prj_c2e96ef32a994a1b80b9d4150767755a/meta.json.309a0942-df85-4aed-94b8-af7f7aa5f973.tmp then renaming to /home/mohrt/.config/Insomnia/version-control/projects/prj_c2e96ef32a994a1b80b9d4150767755a/meta.json
[2025-10-29 14:30:28.117] [info]  [sync] Activated project prj_c2e96ef32a994a1b80b9d4150767755a
[2025-10-29 14:30:28.118] [info]  [FileSystemDriver] Writing to /projects/prj_c2e96ef32a994a1b80b9d4150767755a/meta.json
[2025-10-29 14:30:28.118] [info]  [FileSystemDriver] Writing to /home/mohrt/.config/Insomnia/version-control/projects/prj_c2e96ef32a994a1b80b9d4150767755a/meta.json.03776b27-34c7-4a75-8bb0-bbeeea3bbbeb.tmp then renaming to /home/mohrt/.config/Insomnia/version-control/projects/prj_c2e96ef32a994a1b80b9d4150767755a/meta.json
[2025-10-29 14:30:28.342] [info]  [sync] Activated project prj_c2e96ef32a994a1b80b9d4150767755a
[2025-10-29 14:30:28.342] [info]  [FileSystemDriver] Writing to /projects/prj_c2e96ef32a994a1b80b9d4150767755a/meta.json
[2025-10-29 14:30:28.342] [info]  [FileSystemDriver] Writing to /home/mohrt/.config/Insomnia/version-control/projects/prj_c2e96ef32a994a1b80b9d4150767755a/meta.json.aaf5bd24-7a84-481f-8831-e8ac0eef5ef1.tmp then renaming to /home/mohrt/.config/Insomnia/version-control/projects/prj_c2e96ef32a994a1b80b9d4150767755a/meta.json
[2025-10-29 14:30:39.415] [info]  [sync] Activated project prj_c2e96ef32a994a1b80b9d4150767755a
[2025-10-29 14:30:39.415] [info]  [FileSystemDriver] Writing to /projects/prj_c2e96ef32a994a1b80b9d4150767755a/meta.json
[2025-10-29 14:30:39.416] [info]  [FileSystemDriver] Writing to /home/mohrt/.config/Insomnia/version-control/projects/prj_c2e96ef32a994a1b80b9d4150767755a/meta.json.bad4d83e-3468-4cd8-a314-61bac135bf8c.tmp then renaming to /home/mohrt/.config/Insomnia/version-control/projects/prj_c2e96ef32a994a1b80b9d4150767755a/meta.json
[2025-10-29 14:30:39.576] [info]  [sync] Activated project prj_c2e96ef32a994a1b80b9d4150767755a
[2025-10-29 14:30:39.576] [info]  [FileSystemDriver] Writing to /projects/prj_c2e96ef32a994a1b80b9d4150767755a/meta.json
[2025-10-29 14:30:39.576] [info]  [FileSystemDriver] Writing to /home/mohrt/.config/Insomnia/version-control/projects/prj_c2e96ef32a994a1b80b9d4150767755a/meta.json.2f9e92fe-9c0e-4eba-80f2-3e60a12d38db.tmp then renaming to /home/mohrt/.config/Insomnia/version-control/projects/prj_c2e96ef32a994a1b80b9d4150767755a/meta.json
[2025-10-29 14:30:40.019] [info]  [sync] Activated project prj_c2e96ef32a994a1b80b9d4150767755a
[2025-10-29 14:30:40.019] [info]  [FileSystemDriver] Writing to /projects/prj_c2e96ef32a994a1b80b9d4150767755a/meta.json
[2025-10-29 14:30:40.019] [info]  [FileSystemDriver] Writing to /home/mohrt/.config/Insomnia/version-control/projects/prj_c2e96ef32a994a1b80b9d4150767755a/meta.json.533175b3-a006-4695-aa88-10fb07a6db82.tmp then renaming to /home/mohrt/.config/Insomnia/version-control/projects/prj_c2e96ef32a994a1b80b9d4150767755a/meta.json
[2025-10-29 14:30:40.129] [info]  [sync] Activated project prj_c2e96ef32a994a1b80b9d4150767755a
[2025-10-29 14:30:40.129] [info]  [FileSystemDriver] Writing to /projects/prj_c2e96ef32a994a1b80b9d4150767755a/meta.json
[2025-10-29 14:30:40.130] [info]  [FileSystemDriver] Writing to /home/mohrt/.config/Insomnia/version-control/projects/prj_c2e96ef32a994a1b80b9d4150767755a/meta.json.61133392-3e3f-4437-9276-059e08457ef0.tmp then renaming to /home/mohrt/.config/Insomnia/version-control/projects/prj_c2e96ef32a994a1b80b9d4150767755a/meta.json
[2025-10-29 14:30:40.777] [info]  [sync] Activated project prj_c2e96ef32a994a1b80b9d4150767755a
[2025-10-29 14:30:40.777] [info]  [FileSystemDriver] Writing to /projects/prj_c2e96ef32a994a1b80b9d4150767755a/meta.json
[2025-10-29 14:30:40.777] [info]  [FileSystemDriver] Writing to /home/mohrt/.config/Insomnia/version-control/projects/prj_c2e96ef32a994a1b80b9d4150767755a/meta.json.e2a0164f-04cd-4236-8949-f594fa034801.tmp then renaming to /home/mohrt/.config/Insomnia/version-control/projects/prj_c2e96ef32a994a1b80b9d4150767755a/meta.json
[2025-10-29 14:30:40.964] [info]  [sync] Activated project prj_c2e96ef32a994a1b80b9d4150767755a
[2025-10-29 14:30:40.964] [info]  [FileSystemDriver] Writing to /projects/prj_c2e96ef32a994a1b80b9d4150767755a/meta.json
[2025-10-29 14:30:40.964] [info]  [FileSystemDriver] Writing to /home/mohrt/.config/Insomnia/version-control/projects/prj_c2e96ef32a994a1b80b9d4150767755a/meta.json.743787bf-79e7-4bc3-ae12-234e30c95a68.tmp then renaming to /home/mohrt/.config/Insomnia/version-control/projects/prj_c2e96ef32a994a1b80b9d4150767755a/meta.json
[2025-10-29 14:30:40.965] [info]  [sync] Activated project prj_c2e96ef32a994a1b80b9d4150767755a
[2025-10-29 14:30:40.966] [info]  [FileSystemDriver] Writing to /projects/prj_c2e96ef32a994a1b80b9d4150767755a/meta.json
[2025-10-29 14:30:40.966] [info]  [FileSystemDriver] Writing to /home/mohrt/.config/Insomnia/version-control/projects/prj_c2e96ef32a994a1b80b9d4150767755a/meta.json.e0d66c38-29ad-42a6-b5bd-759acaa05e7e.tmp then renaming to /home/mohrt/.config/Insomnia/version-control/projects/prj_c2e96ef32a994a1b80b9d4150767755a/meta.json
[2025-10-29 14:30:41.190] [info]  [sync] Activated project prj_c2e96ef32a994a1b80b9d4150767755a
[2025-10-29 14:30:41.190] [info]  [FileSystemDriver] Writing to /projects/prj_c2e96ef32a994a1b80b9d4150767755a/meta.json
[2025-10-29 14:30:41.191] [info]  [FileSystemDriver] Writing to /home/mohrt/.config/Insomnia/version-control/projects/prj_c2e96ef32a994a1b80b9d4150767755a/meta.json.baa1f5a1-a400-4453-ba0e-0dfe30c6717b.tmp then renaming to /home/mohrt/.config/Insomnia/version-control/projects/prj_c2e96ef32a994a1b80b9d4150767755a/meta.json
[2025-10-29 14:30:41.616] [info]  [sync] Activated project prj_c2e96ef32a994a1b80b9d4150767755a
[2025-10-29 14:30:41.616] [info]  [FileSystemDriver] Writing to /projects/prj_c2e96ef32a994a1b80b9d4150767755a/meta.json
[2025-10-29 14:30:41.616] [info]  [FileSystemDriver] Writing to /home/mohrt/.config/Insomnia/version-control/projects/prj_c2e96ef32a994a1b80b9d4150767755a/meta.json.0fed8fdf-f515-486e-a9c5-b2812d7482ea.tmp then renaming to /home/mohrt/.config/Insomnia/version-control/projects/prj_c2e96ef32a994a1b80b9d4150767755a/meta.json
[2025-10-29 14:30:42.095] [info]  [sync] Activated project prj_c2e96ef32a994a1b80b9d4150767755a
[2025-10-29 14:30:42.095] [info]  [FileSystemDriver] Writing to /projects/prj_c2e96ef32a994a1b80b9d4150767755a/meta.json
[2025-10-29 14:30:42.095] [info]  [FileSystemDriver] Writing to /home/mohrt/.config/Insomnia/version-control/projects/prj_c2e96ef32a994a1b80b9d4150767755a/meta.json.33feece4-0f20-46d8-af8c-c67b6e5ff7ea.tmp then renaming to /home/mohrt/.config/Insomnia/version-control/projects/prj_c2e96ef32a994a1b80b9d4150767755a/meta.json
[2025-10-29 14:30:43.392] [info]  [sync] Activated project prj_c2e96ef32a994a1b80b9d4150767755a
[2025-10-29 14:30:43.393] [info]  [FileSystemDriver] Writing to /projects/prj_c2e96ef32a994a1b80b9d4150767755a/meta.json
[2025-10-29 14:30:43.393] [info]  [FileSystemDriver] Writing to /home/mohrt/.config/Insomnia/version-control/projects/prj_c2e96ef32a994a1b80b9d4150767755a/meta.json.175d8988-0197-471a-862c-276287257a8e.tmp then renaming to /home/mohrt/.config/Insomnia/version-control/projects/prj_c2e96ef32a994a1b80b9d4150767755a/meta.json
[2025-10-29 14:30:43.717] [info]  [sync] Activated project prj_c2e96ef32a994a1b80b9d4150767755a
[2025-10-29 14:30:43.717] [info]  [FileSystemDriver] Writing to /projects/prj_c2e96ef32a994a1b80b9d4150767755a/meta.json
[2025-10-29 14:30:43.717] [info]  [FileSystemDriver] Writing to /home/mohrt/.config/Insomnia/version-control/projects/prj_c2e96ef32a994a1b80b9d4150767755a/meta.json.ed80731c-b3ee-4ebe-a644-76701ecf4354.tmp then renaming to /home/mohrt/.config/Insomnia/version-control/projects/prj_c2e96ef32a994a1b80b9d4150767755a/meta.json
[2025-10-29 14:30:44.476] [info]  [network] Response succeeded req=req_03b7e16cf647401c8e37af44de9bef05 status=403
[2025-10-29 14:30:44.587] [info]  [sync] Activated project prj_c2e96ef32a994a1b80b9d4150767755a
[2025-10-29 14:30:44.587] [info]  [FileSystemDriver] Writing to /projects/prj_c2e96ef32a994a1b80b9d4150767755a/meta.json
[2025-10-29 14:30:44.588] [info]  [FileSystemDriver] Writing to /home/mohrt/.config/Insomnia/version-control/projects/prj_c2e96ef32a994a1b80b9d4150767755a/meta.json.7a3018b5-ad26-4746-b1c5-eb5548e21abb.tmp then renaming to /home/mohrt/.config/Insomnia/version-control/projects/prj_c2e96ef32a994a1b80b9d4150767755a/meta.json
[2025-10-29 14:30:47.289] [info]  [sync] Activated project prj_c2e96ef32a994a1b80b9d4150767755a
[2025-10-29 14:30:47.290] [info]  [FileSystemDriver] Writing to /projects/prj_c2e96ef32a994a1b80b9d4150767755a/meta.json
[2025-10-29 14:30:47.290] [info]  [FileSystemDriver] Writing to /home/mohrt/.config/Insomnia/version-control/projects/prj_c2e96ef32a994a1b80b9d4150767755a/meta.json.68504a3a-9503-4732-b1ae-6fa6fa53444b.tmp then renaming to /home/mohrt/.config/Insomnia/version-control/projects/prj_c2e96ef32a994a1b80b9d4150767755a/meta.json
[2025-10-29 14:30:52.314] [info]  [sync] Activated project prj_c2e96ef32a994a1b80b9d4150767755a
[2025-10-29 14:30:52.314] [info]  [FileSystemDriver] Writing to /projects/prj_c2e96ef32a994a1b80b9d4150767755a/meta.json
[2025-10-29 14:30:52.315] [info]  [FileSystemDriver] Writing to /home/mohrt/.config/Insomnia/version-control/projects/prj_c2e96ef32a994a1b80b9d4150767755a/meta.json.fa0ac177-a455-4d90-9f82-e5392ceacc12.tmp then renaming to /home/mohrt/.config/Insomnia/version-control/projects/prj_c2e96ef32a994a1b80b9d4150767755a/meta.json
[2025-10-29 14:30:52.936] [info]  [network] Response succeeded req=req_03b7e16cf647401c8e37af44de9bef05 status=400
[2025-10-29 14:30:53.054] [info]  [sync] Activated project prj_c2e96ef32a994a1b80b9d4150767755a
[2025-10-29 14:30:53.054] [info]  [FileSystemDriver] Writing to /projects/prj_c2e96ef32a994a1b80b9d4150767755a/meta.json
[2025-10-29 14:30:53.054] [info]  [FileSystemDriver] Writing to /home/mohrt/.config/Insomnia/version-control/projects/prj_c2e96ef32a994a1b80b9d4150767755a/meta.json.c98436f5-5267-48a8-a941-7b360f8bf297.tmp then renaming to /home/mohrt/.config/Insomnia/version-control/projects/prj_c2e96ef32a994a1b80b9d4150767755a/meta.json
[2025-10-29 14:31:02.632] [info]  [sync] Activated project prj_c2e96ef32a994a1b80b9d4150767755a
[2025-10-29 14:31:02.632] [info]  [FileSystemDriver] Writing to /projects/prj_c2e96ef32a994a1b80b9d4150767755a/meta.json
[2025-10-29 14:31:02.633] [info]  [FileSystemDriver] Writing to /home/mohrt/.config/Insomnia/version-control/projects/prj_c2e96ef32a994a1b80b9d4150767755a/meta.json.bfa1263c-b0ac-4434-a9cf-ee77014fb87e.tmp then renaming to /home/mohrt/.config/Insomnia/version-control/projects/prj_c2e96ef32a994a1b80b9d4150767755a/meta.json
[2025-10-29 14:31:02.837] [info]  [sync] Activated project prj_c2e96ef32a994a1b80b9d4150767755a
[2025-10-29 14:31:02.837] [info]  [FileSystemDriver] Writing to /projects/prj_c2e96ef32a994a1b80b9d4150767755a/meta.json
[2025-10-29 14:31:02.837] [info]  [FileSystemDriver] Writing to /home/mohrt/.config/Insomnia/version-control/projects/prj_c2e96ef32a994a1b80b9d4150767755a/meta.json.3ad1aaf4-794a-4fae-94f8-384df1d84e7c.tmp then renaming to /home/mohrt/.config/Insomnia/version-control/projects/prj_c2e96ef32a994a1b80b9d4150767755a/meta.json
[2025-10-29 14:31:03.122] [info]  [sync] Activated project prj_c2e96ef32a994a1b80b9d4150767755a
[2025-10-29 14:31:03.122] [info]  [FileSystemDriver] Writing to /projects/prj_c2e96ef32a994a1b80b9d4150767755a/meta.json
[2025-10-29 14:31:03.123] [info]  [FileSystemDriver] Writing to /home/mohrt/.config/Insomnia/version-control/projects/prj_c2e96ef32a994a1b80b9d4150767755a/meta.json.b0438db4-c3a4-4781-9395-07e398eacf1a.tmp then renaming to /home/mohrt/.config/Insomnia/version-control/projects/prj_c2e96ef32a994a1b80b9d4150767755a/meta.json
[2025-10-29 14:31:03.207] [info]  [sync] Activated project prj_c2e96ef32a994a1b80b9d4150767755a
[2025-10-29 14:31:03.208] [info]  [FileSystemDriver] Writing to /projects/prj_c2e96ef32a994a1b80b9d4150767755a/meta.json
[2025-10-29 14:31:03.209] [info]  [FileSystemDriver] Writing to /home/mohrt/.config/Insomnia/version-control/projects/prj_c2e96ef32a994a1b80b9d4150767755a/meta.json.a5b1d3aa-b595-4479-9125-1c517670f672.tmp then renaming to /home/mohrt/.config/Insomnia/version-control/projects/prj_c2e96ef32a994a1b80b9d4150767755a/meta.json
[2025-10-29 14:31:03.294] [info]  [sync] Activated project prj_c2e96ef32a994a1b80b9d4150767755a
[2025-10-29 14:31:03.294] [info]  [FileSystemDriver] Writing to /projects/prj_c2e96ef32a994a1b80b9d4150767755a/meta.json
[2025-10-29 14:31:03.295] [info]  [FileSystemDriver] Writing to /home/mohrt/.config/Insomnia/version-control/projects/prj_c2e96ef32a994a1b80b9d4150767755a/meta.json.9970ce2d-2c3d-4594-9f5a-79fd8ece4c53.tmp then renaming to /home/mohrt/.config/Insomnia/version-control/projects/prj_c2e96ef32a994a1b80b9d4150767755a/meta.json
[2025-10-29 14:31:03.318] [info]  [sync] Activated project prj_c2e96ef32a994a1b80b9d4150767755a
[2025-10-29 14:31:03.318] [info]  [FileSystemDriver] Writing to /projects/prj_c2e96ef32a994a1b80b9d4150767755a/meta.json
[2025-10-29 14:31:03.319] [info]  [FileSystemDriver] Writing to /home/mohrt/.config/Insomnia/version-control/projects/prj_c2e96ef32a994a1b80b9d4150767755a/meta.json.fc055362-4c19-4fcc-9b53-b48a122a296f.tmp then renaming to /home/mohrt/.config/Insomnia/version-control/projects/prj_c2e96ef32a994a1b80b9d4150767755a/meta.json
[2025-10-29 14:31:03.518] [info]  [sync] Activated project prj_c2e96ef32a994a1b80b9d4150767755a
[2025-10-29 14:31:03.518] [info]  [FileSystemDriver] Writing to /projects/prj_c2e96ef32a994a1b80b9d4150767755a/meta.json
[2025-10-29 14:31:03.519] [info]  [FileSystemDriver] Writing to /home/mohrt/.config/Insomnia/version-control/projects/prj_c2e96ef32a994a1b80b9d4150767755a/meta.json.a04d16bb-713b-4eb8-8184-7d01dfb0ca17.tmp then renaming to /home/mohrt/.config/Insomnia/version-control/projects/prj_c2e96ef32a994a1b80b9d4150767755a/meta.json
[2025-10-29 14:31:03.537] [info]  [sync] Activated project prj_c2e96ef32a994a1b80b9d4150767755a
[2025-10-29 14:31:03.537] [info]  [FileSystemDriver] Writing to /projects/prj_c2e96ef32a994a1b80b9d4150767755a/meta.json
[2025-10-29 14:31:03.537] [info]  [FileSystemDriver] Writing to /home/mohrt/.config/Insomnia/version-control/projects/prj_c2e96ef32a994a1b80b9d4150767755a/meta.json.3bde1218-b169-406b-a6b7-2f26f42fb217.tmp then renaming to /home/mohrt/.config/Insomnia/version-control/projects/prj_c2e96ef32a994a1b80b9d4150767755a/meta.json
[2025-10-29 14:31:04.626] [info]  [sync] Activated project prj_c2e96ef32a994a1b80b9d4150767755a
[2025-10-29 14:31:04.626] [info]  [FileSystemDriver] Writing to /projects/prj_c2e96ef32a994a1b80b9d4150767755a/meta.json
[2025-10-29 14:31:04.627] [info]  [FileSystemDriver] Writing to /home/mohrt/.config/Insomnia/version-control/projects/prj_c2e96ef32a994a1b80b9d4150767755a/meta.json.288d9ee2-5cf2-4c3c-9156-35dd584f4954.tmp then renaming to /home/mohrt/.config/Insomnia/version-control/projects/prj_c2e96ef32a994a1b80b9d4150767755a/meta.json
[2025-10-29 14:31:04.904] [info]  [sync] Activated project prj_c2e96ef32a994a1b80b9d4150767755a
[2025-10-29 14:31:04.904] [info]  [FileSystemDriver] Writing to /projects/prj_c2e96ef32a994a1b80b9d4150767755a/meta.json
[2025-10-29 14:31:04.904] [info]  [FileSystemDriver] Writing to /home/mohrt/.config/Insomnia/version-control/projects/prj_c2e96ef32a994a1b80b9d4150767755a/meta.json.e01cad6d-fb43-4817-a5ce-0481e8ffba94.tmp then renaming to /home/mohrt/.config/Insomnia/version-control/projects/prj_c2e96ef32a994a1b80b9d4150767755a/meta.json
[2025-10-29 14:31:05.740] [info]  [network] Response succeeded req=req_03b7e16cf647401c8e37af44de9bef05 status=200
[2025-10-29 14:31:05.847] [info]  [sync] Activated project prj_c2e96ef32a994a1b80b9d4150767755a
[2025-10-29 14:31:05.848] [info]  [FileSystemDriver] Writing to /projects/prj_c2e96ef32a994a1b80b9d4150767755a/meta.json
[2025-10-29 14:31:05.848] [info]  [FileSystemDriver] Writing to /home/mohrt/.config/Insomnia/version-control/projects/prj_c2e96ef32a994a1b80b9d4150767755a/meta.json.7c86822d-1f83-4bc4-8191-daaa99d0a1f0.tmp then renaming to /home/mohrt/.config/Insomnia/version-control/projects/prj_c2e96ef32a994a1b80b9d4150767755a/meta.json
[2025-10-29 14:31:10.860] [info]  [sync] Activated project prj_c2e96ef32a994a1b80b9d4150767755a
[2025-10-29 14:31:10.860] [info]  [FileSystemDriver] Writing to /projects/prj_c2e96ef32a994a1b80b9d4150767755a/meta.json
[2025-10-29 14:31:10.860] [info]  [FileSystemDriver] Writing to /home/mohrt/.config/Insomnia/version-control/projects/prj_c2e96ef32a994a1b80b9d4150767755a/meta.json.9916ffd8-d840-4c0c-b832-ebd7406bf6d5.tmp then renaming to /home/mohrt/.config/Insomnia/version-control/projects/prj_c2e96ef32a994a1b80b9d4150767755a/meta.json
[2025-10-29 14:31:13.325] [info]  [sync] Activated project prj_c2e96ef32a994a1b80b9d4150767755a
[2025-10-29 14:31:13.325] [info]  [FileSystemDriver] Writing to /projects/prj_c2e96ef32a994a1b80b9d4150767755a/meta.json
[2025-10-29 14:31:13.325] [info]  [FileSystemDriver] Writing to /home/mohrt/.config/Insomnia/version-control/projects/prj_c2e96ef32a994a1b80b9d4150767755a/meta.json.da92face-8b23-47eb-87c1-2ffcf4fdaf48.tmp then renaming to /home/mohrt/.config/Insomnia/version-control/projects/prj_c2e96ef32a994a1b80b9d4150767755a/meta.json
[2025-10-29 14:31:13.587] [info]  [sync] Activated project prj_c2e96ef32a994a1b80b9d4150767755a
[2025-10-29 14:31:13.588] [info]  [FileSystemDriver] Writing to /projects/prj_c2e96ef32a994a1b80b9d4150767755a/meta.json
[2025-10-29 14:31:13.588] [info]  [FileSystemDriver] Writing to /home/mohrt/.config/Insomnia/version-control/projects/prj_c2e96ef32a994a1b80b9d4150767755a/meta.json.b7e98194-403d-43db-96c7-dd0b128fa1d7.tmp then renaming to /home/mohrt/.config/Insomnia/version-control/projects/prj_c2e96ef32a994a1b80b9d4150767755a/meta.json
[2025-10-29 14:31:13.698] [info]  [sync] Activated project prj_c2e96ef32a994a1b80b9d4150767755a
[2025-10-29 14:31:13.699] [info]  [FileSystemDriver] Writing to /projects/prj_c2e96ef32a994a1b80b9d4150767755a/meta.json
[2025-10-29 14:31:13.699] [info]  [FileSystemDriver] Writing to /home/mohrt/.config/Insomnia/version-control/projects/prj_c2e96ef32a994a1b80b9d4150767755a/meta.json.3587da0a-7d03-4bf8-912c-0399b82d4dad.tmp then renaming to /home/mohrt/.config/Insomnia/version-control/projects/prj_c2e96ef32a994a1b80b9d4150767755a/meta.json
[2025-10-29 14:31:13.990] [info]  [sync] Activated project prj_c2e96ef32a994a1b80b9d4150767755a
[2025-10-29 14:31:13.991] [info]  [FileSystemDriver] Writing to /projects/prj_c2e96ef32a994a1b80b9d4150767755a/meta.json
[2025-10-29 14:31:13.991] [info]  [FileSystemDriver] Writing to /home/mohrt/.config/Insomnia/version-control/projects/prj_c2e96ef32a994a1b80b9d4150767755a/meta.json.4139c518-4424-449d-98a2-8126592512aa.tmp then renaming to /home/mohrt/.config/Insomnia/version-control/projects/prj_c2e96ef32a994a1b80b9d4150767755a/meta.json
[2025-10-29 14:31:14.115] [info]  [sync] Activated project prj_c2e96ef32a994a1b80b9d4150767755a
[2025-10-29 14:31:14.115] [info]  [FileSystemDriver] Writing to /projects/prj_c2e96ef32a994a1b80b9d4150767755a/meta.json
[2025-10-29 14:31:14.116] [info]  [FileSystemDriver] Writing to /home/mohrt/.config/Insomnia/version-control/projects/prj_c2e96ef32a994a1b80b9d4150767755a/meta.json.5abc0a04-2db6-427a-8424-e48b5b91574c.tmp then renaming to /home/mohrt/.config/Insomnia/version-control/projects/prj_c2e96ef32a994a1b80b9d4150767755a/meta.json
[2025-10-29 14:31:14.675] [info]  [sync] Activated project prj_c2e96ef32a994a1b80b9d4150767755a
[2025-10-29 14:31:14.676] [info]  [FileSystemDriver] Writing to /projects/prj_c2e96ef32a994a1b80b9d4150767755a/meta.json
[2025-10-29 14:31:14.676] [info]  [FileSystemDriver] Writing to /home/mohrt/.config/Insomnia/version-control/projects/prj_c2e96ef32a994a1b80b9d4150767755a/meta.json.757a9392-b597-41fb-8606-8a468dc3b72e.tmp then renaming to /home/mohrt/.config/Insomnia/version-control/projects/prj_c2e96ef32a994a1b80b9d4150767755a/meta.json
[2025-10-29 14:31:14.688] [info]  [sync] Activated project prj_c2e96ef32a994a1b80b9d4150767755a
[2025-10-29 14:31:14.688] [info]  [FileSystemDriver] Writing to /projects/prj_c2e96ef32a994a1b80b9d4150767755a/meta.json
[2025-10-29 14:31:14.688] [info]  [FileSystemDriver] Writing to /home/mohrt/.config/Insomnia/version-control/projects/prj_c2e96ef32a994a1b80b9d4150767755a/meta.json.b3317c64-0022-4045-b756-46cd9918340e.tmp then renaming to /home/mohrt/.config/Insomnia/version-control/projects/prj_c2e96ef32a994a1b80b9d4150767755a/meta.json
[2025-10-29 14:31:14.713] [info]  [sync] Activated project prj_c2e96ef32a994a1b80b9d4150767755a
[2025-10-29 14:31:14.713] [info]  [FileSystemDriver] Writing to /projects/prj_c2e96ef32a994a1b80b9d4150767755a/meta.json
[2025-10-29 14:31:14.718] [info]  [FileSystemDriver] Writing to /home/mohrt/.config/Insomnia/version-control/projects/prj_c2e96ef32a994a1b80b9d4150767755a/meta.json.e96233b2-450e-4c89-9ec1-a44c2d64770f.tmp then renaming to /home/mohrt/.config/Insomnia/version-control/projects/prj_c2e96ef32a994a1b80b9d4150767755a/meta.json
[2025-10-29 14:31:14.724] [info]  [sync] Activated project prj_c2e96ef32a994a1b80b9d4150767755a
[2025-10-29 14:31:14.724] [info]  [FileSystemDriver] Writing to /projects/prj_c2e96ef32a994a1b80b9d4150767755a/meta.json
[2025-10-29 14:31:14.724] [info]  [FileSystemDriver] Writing to /home/mohrt/.config/Insomnia/version-control/projects/prj_c2e96ef32a994a1b80b9d4150767755a/meta.json.05dbef76-8f40-42f1-bdc8-fadcf1837bc0.tmp then renaming to /home/mohrt/.config/Insomnia/version-control/projects/prj_c2e96ef32a994a1b80b9d4150767755a/meta.json
[2025-10-29 14:31:14.727] [info]  [sync] Activated project prj_c2e96ef32a994a1b80b9d4150767755a
[2025-10-29 14:31:14.727] [info]  [FileSystemDriver] Writing to /projects/prj_c2e96ef32a994a1b80b9d4150767755a/meta.json
[2025-10-29 14:31:14.727] [info]  [FileSystemDriver] Writing to /home/mohrt/.config/Insomnia/version-control/projects/prj_c2e96ef32a994a1b80b9d4150767755a/meta.json.28d2e2e4-2366-4cba-9841-ec08f7070d5a.tmp then renaming to /home/mohrt/.config/Insomnia/version-control/projects/prj_c2e96ef32a994a1b80b9d4150767755a/meta.json
[2025-10-29 14:31:14.903] [info]  [sync] Activated project prj_c2e96ef32a994a1b80b9d4150767755a
[2025-10-29 14:31:14.903] [info]  [FileSystemDriver] Writing to /projects/prj_c2e96ef32a994a1b80b9d4150767755a/meta.json
[2025-10-29 14:31:14.903] [info]  [FileSystemDriver] Writing to /home/mohrt/.config/Insomnia/version-control/projects/prj_c2e96ef32a994a1b80b9d4150767755a/meta.json.dbcb1b39-1c5f-41fa-beb8-8479a62369d6.tmp then renaming to /home/mohrt/.config/Insomnia/version-control/projects/prj_c2e96ef32a994a1b80b9d4150767755a/meta.json
[2025-10-29 14:31:14.904] [info]  [sync] Activated project prj_c2e96ef32a994a1b80b9d4150767755a
[2025-10-29 14:31:14.904] [info]  [FileSystemDriver] Writing to /projects/prj_c2e96ef32a994a1b80b9d4150767755a/meta.json
[2025-10-29 14:31:14.905] [info]  [FileSystemDriver] Writing to /home/mohrt/.config/Insomnia/version-control/projects/prj_c2e96ef32a994a1b80b9d4150767755a/meta.json.0e2f5159-ec81-4ee0-8f12-de2531e19b4b.tmp then renaming to /home/mohrt/.config/Insomnia/version-control/projects/prj_c2e96ef32a994a1b80b9d4150767755a/meta.json
[2025-10-29 14:31:15.200] [info]  [sync] Activated project prj_c2e96ef32a994a1b80b9d4150767755a
[2025-10-29 14:31:15.200] [info]  [FileSystemDriver] Writing to /projects/prj_c2e96ef32a994a1b80b9d4150767755a/meta.json
[2025-10-29 14:31:15.201] [info]  [FileSystemDriver] Writing to /home/mohrt/.config/Insomnia/version-control/projects/prj_c2e96ef32a994a1b80b9d4150767755a/meta.json.b9dc7013-a9b0-4785-9bf1-676041eb9184.tmp then renaming to /home/mohrt/.config/Insomnia/version-control/projects/prj_c2e96ef32a994a1b80b9d4150767755a/meta.json
[2025-10-29 14:31:16.593] [warn]  <Item> with non-plain text contents is unsupported by type to select for accessibility. Please add a `textValue` prop.
[2025-10-29 14:31:16.593] [warn]  <Item> with non-plain text contents is unsupported by type to select for accessibility. Please add a `textValue` prop.
[2025-10-29 14:31:16.594] [warn]  <Item> with non-plain text contents is unsupported by type to select for accessibility. Please add a `textValue` prop.
[2025-10-29 14:31:16.594] [warn]  <Item> with non-plain text contents is unsupported by type to select for accessibility. Please add a `textValue` prop.
[2025-10-29 14:31:16.594] [warn]  <Item> with non-plain text contents is unsupported by type to select for accessibility. Please add a `textValue` prop.
[2025-10-29 14:31:16.594] [warn]  <Item> with non-plain text contents is unsupported by type to select for accessibility. Please add a `textValue` prop.
[2025-10-29 14:31:16.594] [warn]  <Item> with non-plain text contents is unsupported by type to select for accessibility. Please add a `textValue` prop.
[2025-10-29 14:31:16.594] [warn]  <Item> with non-plain text contents is unsupported by type to select for accessibility. Please add a `textValue` prop.
[2025-10-29 14:31:17.235] [info]  [sync] Activated project prj_c2e96ef32a994a1b80b9d4150767755a
[2025-10-29 14:31:17.236] [info]  [FileSystemDriver] Writing to /projects/prj_c2e96ef32a994a1b80b9d4150767755a/meta.json
[2025-10-29 14:31:17.236] [info]  [FileSystemDriver] Writing to /home/mohrt/.config/Insomnia/version-control/projects/prj_c2e96ef32a994a1b80b9d4150767755a/meta.json.69086a90-97b6-496c-897d-14419ce9ff6b.tmp then renaming to /home/mohrt/.config/Insomnia/version-control/projects/prj_c2e96ef32a994a1b80b9d4150767755a/meta.json
[2025-10-29 14:31:18.105] [info]  [network] Response succeeded req=req_03b7e16cf647401c8e37af44de9bef05 status=200
[2025-10-29 14:31:18.236] [info]  [sync] Activated project prj_c2e96ef32a994a1b80b9d4150767755a
[2025-10-29 14:31:18.236] [info]  [FileSystemDriver] Writing to /projects/prj_c2e96ef32a994a1b80b9d4150767755a/meta.json
[2025-10-29 14:31:18.237] [info]  [FileSystemDriver] Writing to /home/mohrt/.config/Insomnia/version-control/projects/prj_c2e96ef32a994a1b80b9d4150767755a/meta.json.ef78d56d-3166-442e-a2ad-b61c5d177feb.tmp then renaming to /home/mohrt/.config/Insomnia/version-control/projects/prj_c2e96ef32a994a1b80b9d4150767755a/meta.json
[2025-10-29 14:31:45.655] [info]  [sync] Activated project prj_c2e96ef32a994a1b80b9d4150767755a
[2025-10-29 14:31:45.656] [info]  [FileSystemDriver] Writing to /projects/prj_c2e96ef32a994a1b80b9d4150767755a/meta.json
[2025-10-29 14:31:45.657] [info]  [FileSystemDriver] Writing to /home/mohrt/.config/Insomnia/version-control/projects/prj_c2e96ef32a994a1b80b9d4150767755a/meta.json.d80d9c66-bc57-4a2b-80a5-8d2fc3121752.tmp then renaming to /home/mohrt/.config/Insomnia/version-control/projects/prj_c2e96ef32a994a1b80b9d4150767755a/meta.json
[2025-10-29 14:31:47.013] [info]  [sync] Activated project prj_c2e96ef32a994a1b80b9d4150767755a
[2025-10-29 14:31:47.014] [info]  [FileSystemDriver] Writing to /projects/prj_c2e96ef32a994a1b80b9d4150767755a/meta.json
[2025-10-29 14:31:47.014] [info]  [FileSystemDriver] Writing to /home/mohrt/.config/Insomnia/version-control/projects/prj_c2e96ef32a994a1b80b9d4150767755a/meta.json.6b4d2d9f-1516-4e61-967b-545c51b79de3.tmp then renaming to /home/mohrt/.config/Insomnia/version-control/projects/prj_c2e96ef32a994a1b80b9d4150767755a/meta.json
[2025-10-29 14:35:17.809] [info]  [sync] Activated project prj_c2e96ef32a994a1b80b9d4150767755a
[2025-10-29 14:35:17.809] [info]  [FileSystemDriver] Writing to /projects/prj_c2e96ef32a994a1b80b9d4150767755a/meta.json
[2025-10-29 14:35:17.810] [info]  [FileSystemDriver] Writing to /home/mohrt/.config/Insomnia/version-control/projects/prj_c2e96ef32a994a1b80b9d4150767755a/meta.json.dbf13937-f3c0-4e18-a1a8-de0a74454a9d.tmp then renaming to /home/mohrt/.config/Insomnia/version-control/projects/prj_c2e96ef32a994a1b80b9d4150767755a/meta.json
